WARNING: Package name "semantic_SLAM" does not follow the naming conventions. It should start with a lower case letter and only contain lower case letters, digits, underscores, and dashes.
WARNING: Package name "ShapeColor_ObjectDetection" does not follow the naming conventions. It should start with a lower case letter and only contain lower case letters, digits, underscores, and dashes.
WARNING: Package name "semantic_SLAM" does not follow the naming conventions. It should start with a lower case letter and only contain lower case letters, digits, underscores, and dashes.
WARNING: Package name "semantic_SLAM" does not follow the naming conventions. It should start with a lower case letter and only contain lower case letters, digits, underscores, and dashes.
WARNING: Package name "ShapeColor_ObjectDetection" does not follow the naming conventions. It should start with a lower case letter and only contain lower case letters, digits, underscores, and dashes.
WARNING: Package name "semantic_SLAM" does not follow the naming conventions. It should start with a lower case letter and only contain lower case letters, digits, underscores, and dashes.
WARNING: Package name "semantic_SLAM" does not follow the naming conventions. It should start with a lower case letter and only contain lower case letters, digits, underscores, and dashes.
[01m[K/home/guillermo/anaconda3/envs/CenterNet/CenterNet/src/ROS/src/workspace/ros/semantic_slam_ws/src/semantic_slam/src/source/planar_segmentation/plane_segmentation.cpp:[m[K In member function ‘[01m[Kcv::Mat plane_segmentation::findNearestNeighbours(cv::Mat)[m[K’:
[01m[K/home/guillermo/anaconda3/envs/CenterNet/CenterNet/src/ROS/src/workspace/ros/semantic_slam_ws/src/semantic_slam/src/source/planar_segmentation/plane_segmentation.cpp:565:1:[m[K [01;35m[Kwarning: [m[Kno return statement in function returning non-void [[01;35m[K-Wreturn-type[m[K]
 [01;35m[K}[m[K
 [01;35m[K^[m[K
In file included from [01m[K/home/guillermo/anaconda3/envs/CenterNet/CenterNet/src/ROS/src/workspace/ros/semantic_slam_ws/src/semantic_slam/src/source/ps_graph_slam/semantic_graph_slam.cpp:1[m[K:
[01m[K/home/guillermo/anaconda3/envs/CenterNet/CenterNet/src/ROS/src/workspace/ros/semantic_slam_ws/src/semantic_slam/src/include/ps_graph_slam/semantic_graph_slam.h:83:37:[m[K [01;35m[Kwarning: [m[Kuse of ‘[01m[Kauto[m[K’ in parameter declaration only available with -fconcepts
                               const [01;35m[Kauto[m[K current_keyframe);
                                     [01;35m[K^~~~[m[K
[01m[K/home/guillermo/anaconda3/envs/CenterNet/CenterNet/src/ROS/src/workspace/ros/semantic_slam_ws/src/semantic_slam/src/source/ps_graph_slam/semantic_graph_slam.cpp:159:54:[m[K [01;35m[Kwarning: [m[Kuse of ‘[01m[Kauto[m[K’ in parameter declaration only available with -fconcepts
                                                const [01;35m[Kauto[m[K current_keyframe)
                                                      [01;35m[K^~~~[m[K
In file included from [01m[K/home/guillermo/anaconda3/envs/CenterNet/CenterNet/src/ROS/src/workspace/ros/semantic_slam_ws/src/semantic_slam/src/include/semantic_graph_slam_ros.h:72[m[K,
                 from [01m[K/home/guillermo/anaconda3/envs/CenterNet/CenterNet/src/ROS/src/workspace/ros/semantic_slam_ws/src/semantic_slam/src/source/semantic_graph_slam_ros.cpp:1[m[K:
[01m[K/home/guillermo/anaconda3/envs/CenterNet/CenterNet/src/ROS/src/workspace/ros/semantic_slam_ws/src/semantic_slam/src/include/ps_graph_slam/semantic_graph_slam.h:83:37:[m[K [01;35m[Kwarning: [m[Kuse of ‘[01m[Kauto[m[K’ in parameter declaration only available with -fconcepts
                               const [01;35m[Kauto[m[K current_keyframe);
                                     [01;35m[K^~~~[m[K
In file included from [01m[K/home/guillermo/anaconda3/envs/CenterNet/CenterNet/src/ROS/src/workspace/ros/semantic_slam_ws/src/semantic_slam/src/include/semantic_graph_slam_ros.h:72[m[K,
                 from [01m[K/home/guillermo/anaconda3/envs/CenterNet/CenterNet/src/ROS/src/workspace/ros/semantic_slam_ws/src/semantic_slam/src/test/semantic_graph_SLAM_node.cpp:1[m[K:
[01m[K/home/guillermo/anaconda3/envs/CenterNet/CenterNet/src/ROS/src/workspace/ros/semantic_slam_ws/src/semantic_slam/src/include/ps_graph_slam/semantic_graph_slam.h:83:37:[m[K [01;35m[Kwarning: [m[Kuse of ‘[01m[Kauto[m[K’ in parameter declaration only available with -fconcepts
                               const [01;35m[Kauto[m[K current_keyframe);
                                     [01;35m[K^~~~[m[K
